<?xml version="1.0" encoding="UTF-8"?>
<!-- Generated by org.testng.reporters.JUnitXMLReporter -->
<testsuite hostname="jtl-ds-ycy" name="test1" tests="4" failures="0" timestamp="4 Nov 2016 06:31:04 GMT" time="55.347" errors="0">
  <testcase name="loginTest" time="11.402" classname="com.test.first_maven.test.OATest"/>
  <testcase name="enterCatalog" time="4.355" classname="com.test.first_maven.test.OATest"/>
  <testcase name="clickUploadCV" time="1.26" classname="com.test.first_maven.test.OATest"/>
  <testcase name="upLoadCV" time="33.864" classname="com.test.first_maven.test.OATest"/>
</testsuite> <!-- test1 -->
