<?xml version="1.0" encoding="UTF-8"?>
<testng-results skipped="0" failed="0" total="4" passed="4">
  <reporter-output>
  </reporter-output>
  <suite name="Suite1" duration-ms="55347" started-at="2016-11-04T06:30:09Z" finished-at="2016-11-04T06:31:04Z">
    <groups>
    </groups>
    <test name="test1" duration-ms="55347" started-at="2016-11-04T06:30:09Z" finished-at="2016-11-04T06:31:04Z">
      <class name="com.test.first_maven.test.OATest">
        <test-method status="PASS" signature="beforeTest()[pri:0, instance:com.test.first_maven.test.OATest@73e9cf30]" name="beforeTest" is-config="true" duration-ms="4434" started-at="2016-11-04T14:30:09Z" finished-at="2016-11-04T14:30:14Z">
          <reporter-output>
          </reporter-output>
        </test-method> <!-- beforeTest -->
        <test-method status="PASS" signature="loginTest()[pri:0, instance:com.test.first_maven.test.OATest@73e9cf30]" name="loginTest" duration-ms="11402" started-at="2016-11-04T14:30:14Z" finished-at="2016-11-04T14:30:25Z">
          <reporter-output>
          </reporter-output>
        </test-method> <!-- loginTest -->
        <test-method status="PASS" signature="enterCatalog()[pri:0, instance:com.test.first_maven.test.OATest@73e9cf30]" name="enterCatalog" duration-ms="4355" started-at="2016-11-04T14:30:25Z" finished-at="2016-11-04T14:30:29Z">
          <reporter-output>
          </reporter-output>
        </test-method> <!-- enterCatalog -->
        <test-method status="PASS" signature="clickUploadCV()[pri:0, instance:com.test.first_maven.test.OATest@73e9cf30]" name="clickUploadCV" duration-ms="1260" started-at="2016-11-04T14:30:29Z" finished-at="2016-11-04T14:30:31Z">
          <reporter-output>
          </reporter-output>
        </test-method> <!-- clickUploadCV -->
        <test-method status="PASS" signature="upLoadCV()[pri:0, instance:com.test.first_maven.test.OATest@73e9cf30]" name="upLoadCV" duration-ms="33864" started-at="2016-11-04T14:30:31Z" finished-at="2016-11-04T14:31:04Z">
          <reporter-output>
          </reporter-output>
        </test-method> <!-- upLoadCV -->
        <test-method status="PASS" signature="afterTest()[pri:0, instance:com.test.first_maven.test.OATest@73e9cf30]" name="afterTest" is-config="true" duration-ms="0" started-at="2016-11-04T14:31:04Z" finished-at="2016-11-04T14:31:04Z">
          <reporter-output>
          </reporter-output>
        </test-method> <!-- afterTest -->
        <test-method status="PASS" signature="afterSuite()[pri:0, instance:com.test.first_maven.test.OATest@73e9cf30]" name="afterSuite" is-config="true" duration-ms="0" started-at="2016-11-04T14:31:04Z" finished-at="2016-11-04T14:31:04Z">
          <reporter-output>
          </reporter-output>
        </test-method> <!-- afterSuite -->
      </class> <!-- com.test.first_maven.test.OATest -->
    </test> <!-- test1 -->
  </suite> <!-- Suite1 -->
</testng-results>
